1730555796.353054 client started (6009): version 3.4, socket /tmp/tmux-1000/default, protocol 8
1730555796.353357 on Linux 5.15.153.1-microsoft-standard-WSL2 #1 SMP Fri Mar 29 23:14:13 UTC 2024
1730555796.353513 using libevent 2.1.12-stable poll
1730555796.353647 using ncurses 6.4 20240113
1730555796.353813 flags are 0x18010000
1730555796.354006 socket is /tmp/tmux-1000/default
1730555796.354126 trying connect
1730555796.354307 connect failed: No such file or directory
1730555796.354422 lock file is /tmp/tmux-1000/default.lock
1730555796.354647 flock succeeded
1730555796.354754 got lock (6)
1730555796.354914 trying connect
1730555796.355037 connect failed: No such file or directory
1730555796.355456 add peer 0x557f1283e7d0: 7 ((nil))
1730555796.361287 sending message 100 to peer 0x557f1283e7d0 (4 bytes)
1730555796.361418 sending message 111 to peer 0x557f1283e7d0 (8 bytes)
1730555796.361615 sending message 101 to peer 0x557f1283e7d0 (15 bytes)
1730555796.361782 sending message 109 to peer 0x557f1283e7d0 (4 bytes)
1730555796.361919 sending message 102 to peer 0x557f1283e7d0 (11 bytes)
1730555796.362057 sending message 108 to peer 0x557f1283e7d0 (12 bytes)
1730555796.362337 sending message 112 to peer 0x557f1283e7d0 (58 bytes)
1730555796.362526 sending message 112 to peer 0x557f1283e7d0 (5 bytes)
1730555796.362688 sending message 112 to peer 0x557f1283e7d0 (5 bytes)
1730555796.362941 sending message 112 to peer 0x557f1283e7d0 (6 bytes)
1730555796.363091 sending message 112 to peer 0x557f1283e7d0 (6 bytes)
1730555796.363235 sending message 112 to peer 0x557f1283e7d0 (11 bytes)
1730555796.363371 sending message 112 to peer 0x557f1283e7d0 (10 bytes)
1730555796.363505 sending message 112 to peer 0x557f1283e7d0 (13 bytes)
1730555796.363657 sending message 112 to peer 0x557f1283e7d0 (14 bytes)
1730555796.363802 sending message 112 to peer 0x557f1283e7d0 (19 bytes)
1730555796.363939 sending message 112 to peer 0x557f1283e7d0 (11 bytes)
1730555796.364110 sending message 112 to peer 0x557f1283e7d0 (10 bytes)
1730555796.364236 sending message 112 to peer 0x557f1283e7d0 (15 bytes)
1730555796.364362 sending message 112 to peer 0x557f1283e7d0 (21 bytes)
1730555796.364503 sending message 112 to peer 0x557f1283e7d0 (13 bytes)
1730555796.364666 sending message 112 to peer 0x557f1283e7d0 (7 bytes)
1730555796.364810 sending message 112 to peer 0x557f1283e7d0 (13 bytes)
1730555796.364957 sending message 112 to peer 0x557f1283e7d0 (7 bytes)
1730555796.365086 sending message 112 to peer 0x557f1283e7d0 (13 bytes)
1730555796.365226 sending message 112 to peer 0x557f1283e7d0 (9 bytes)
1730555796.365380 sending message 112 to peer 0x557f1283e7d0 (21 bytes)
1730555796.365507 sending message 112 to peer 0x557f1283e7d0 (13 bytes)
1730555796.365637 sending message 112 to peer 0x557f1283e7d0 (9 bytes)
1730555796.365777 sending message 112 to peer 0x557f1283e7d0 (16 bytes)
1730555796.365919 sending message 112 to peer 0x557f1283e7d0 (13 bytes)
1730555796.366042 sending message 112 to peer 0x557f1283e7d0 (9 bytes)
1730555796.366170 sending message 112 to peer 0x557f1283e7d0 (9 bytes)
1730555796.366308 sending message 112 to peer 0x557f1283e7d0 (12 bytes)
1730555796.366451 sending message 112 to peer 0x557f1283e7d0 (8 bytes)
1730555796.366623 sending message 112 to peer 0x557f1283e7d0 (8 bytes)
1730555796.366755 sending message 112 to peer 0x557f1283e7d0 (13 bytes)
1730555796.366888 sending message 112 to peer 0x557f1283e7d0 (7 bytes)
1730555796.367026 sending message 112 to peer 0x557f1283e7d0 (7 bytes)
1730555796.367174 sending message 112 to peer 0x557f1283e7d0 (9 bytes)
1730555796.367433 sending message 112 to peer 0x557f1283e7d0 (9 bytes)
1730555796.367612 sending message 112 to peer 0x557f1283e7d0 (15 bytes)
1730555796.367758 sending message 112 to peer 0x557f1283e7d0 (13 bytes)
1730555796.367905 sending message 112 to peer 0x557f1283e7d0 (12 bytes)
1730555796.368065 sending message 112 to peer 0x557f1283e7d0 (8 bytes)
1730555796.368226 sending message 112 to peer 0x557f1283e7d0 (14 bytes)
1730555796.368378 sending message 112 to peer 0x557f1283e7d0 (11 bytes)
1730555796.368557 sending message 112 to peer 0x557f1283e7d0 (9 bytes)
1730555796.368693 sending message 112 to peer 0x557f1283e7d0 (10 bytes)
1730555796.368827 sending message 112 to peer 0x557f1283e7d0 (10 bytes)
1730555796.368960 sending message 112 to peer 0x557f1283e7d0 (10 bytes)
1730555796.369103 sending message 112 to peer 0x557f1283e7d0 (10 bytes)
1730555796.369237 sending message 112 to peer 0x557f1283e7d0 (11 bytes)
1730555796.369516 sending message 112 to peer 0x557f1283e7d0 (12 bytes)
1730555796.369665 sending message 112 to peer 0x557f1283e7d0 (12 bytes)
1730555796.369824 sending message 112 to peer 0x557f1283e7d0 (12 bytes)
1730555796.369961 sending message 112 to peer 0x557f1283e7d0 (12 bytes)
1730555796.370117 sending message 112 to peer 0x557f1283e7d0 (12 bytes)
1730555796.370290 sending message 112 to peer 0x557f1283e7d0 (11 bytes)
1730555796.370442 sending message 112 to peer 0x557f1283e7d0 (11 bytes)
1730555796.370586 sending message 112 to peer 0x557f1283e7d0 (12 bytes)
1730555796.370746 sending message 112 to peer 0x557f1283e7d0 (12 bytes)
1730555796.370892 sending message 112 to peer 0x557f1283e7d0 (12 bytes)
1730555796.371051 sending message 112 to peer 0x557f1283e7d0 (12 bytes)
1730555796.371192 sending message 112 to peer 0x557f1283e7d0 (12 bytes)
1730555796.371332 sending message 112 to peer 0x557f1283e7d0 (9 bytes)
1730555796.371490 sending message 112 to peer 0x557f1283e7d0 (12 bytes)
1730555796.371634 sending message 112 to peer 0x557f1283e7d0 (13 bytes)
1730555796.371778 sending message 112 to peer 0x557f1283e7d0 (13 bytes)
1730555796.371924 sending message 112 to peer 0x557f1283e7d0 (13 bytes)
1730555796.372066 sending message 112 to peer 0x557f1283e7d0 (13 bytes)
1730555796.372211 sending message 112 to peer 0x557f1283e7d0 (13 bytes)
1730555796.372373 sending message 112 to peer 0x557f1283e7d0 (8 bytes)
1730555796.372512 sending message 112 to peer 0x557f1283e7d0 (11 bytes)
1730555796.372652 sending message 112 to peer 0x557f1283e7d0 (11 bytes)
1730555796.372802 sending message 112 to peer 0x557f1283e7d0 (11 bytes)
1730555796.372946 sending message 112 to peer 0x557f1283e7d0 (12 bytes)
1730555796.373110 sending message 112 to peer 0x557f1283e7d0 (12 bytes)
1730555796.373253 sending message 112 to peer 0x557f1283e7d0 (12 bytes)
1730555796.373392 sending message 112 to peer 0x557f1283e7d0 (12 bytes)
1730555796.373537 sending message 112 to peer 0x557f1283e7d0 (13 bytes)
1730555796.373685 sending message 112 to peer 0x557f1283e7d0 (13 bytes)
1730555796.373828 sending message 112 to peer 0x557f1283e7d0 (13 bytes)
1730555796.373970 sending message 112 to peer 0x557f1283e7d0 (8 bytes)
1730555796.374126 sending message 112 to peer 0x557f1283e7d0 (13 bytes)
1730555796.374271 sending message 112 to peer 0x557f1283e7d0 (13 bytes)
1730555796.374587 sending message 112 to peer 0x557f1283e7d0 (13 bytes)
1730555796.374734 sending message 112 to peer 0x557f1283e7d0 (13 bytes)
1730555796.374884 sending message 112 to peer 0x557f1283e7d0 (13 bytes)
1730555796.375029 sending message 112 to peer 0x557f1283e7d0 (12 bytes)
1730555796.375163 sending message 112 to peer 0x557f1283e7d0 (12 bytes)
1730555796.375311 sending message 112 to peer 0x557f1283e7d0 (12 bytes)
1730555796.375452 sending message 112 to peer 0x557f1283e7d0 (12 bytes)
1730555796.375596 sending message 112 to peer 0x557f1283e7d0 (13 bytes)
1730555796.375746 sending message 112 to peer 0x557f1283e7d0 (8 bytes)
1730555796.375897 sending message 112 to peer 0x557f1283e7d0 (13 bytes)
1730555796.376036 sending message 112 to peer 0x557f1283e7d0 (13 bytes)
1730555796.376222 sending message 112 to peer 0x557f1283e7d0 (13 bytes)
1730555796.376371 sending message 112 to peer 0x557f1283e7d0 (13 bytes)
1730555796.376558 sending message 112 to peer 0x557f1283e7d0 (13 bytes)
1730555796.376679 sending message 112 to peer 0x557f1283e7d0 (13 bytes)
1730555796.376775 sending message 112 to peer 0x557f1283e7d0 (13 bytes)
1730555796.376898 sending message 112 to peer 0x557f1283e7d0 (12 bytes)
1730555796.377011 sending message 112 to peer 0x557f1283e7d0 (12 bytes)
1730555796.377151 sending message 112 to peer 0x557f1283e7d0 (12 bytes)
1730555796.377251 sending message 112 to peer 0x557f1283e7d0 (8 bytes)
1730555796.377331 sending message 112 to peer 0x557f1283e7d0 (12 bytes)
1730555796.377492 sending message 112 to peer 0x557f1283e7d0 (13 bytes)
1730555796.377624 sending message 112 to peer 0x557f1283e7d0 (13 bytes)
1730555796.377752 sending message 112 to peer 0x557f1283e7d0 (13 bytes)
1730555796.377859 sending message 112 to peer 0x557f1283e7d0 (13 bytes)
1730555796.377981 sending message 112 to peer 0x557f1283e7d0 (13 bytes)
1730555796.378104 sending message 112 to peer 0x557f1283e7d0 (13 bytes)
1730555796.378226 sending message 112 to peer 0x557f1283e7d0 (13 bytes)
1730555796.378341 sending message 112 to peer 0x557f1283e7d0 (13 bytes)
1730555796.378694 sending message 112 to peer 0x557f1283e7d0 (12 bytes)
1730555796.378822 sending message 112 to peer 0x557f1283e7d0 (10 bytes)
1730555796.378939 sending message 112 to peer 0x557f1283e7d0 (12 bytes)
1730555796.379060 sending message 112 to peer 0x557f1283e7d0 (12 bytes)
1730555796.379164 sending message 112 to peer 0x557f1283e7d0 (12 bytes)
1730555796.379279 sending message 112 to peer 0x557f1283e7d0 (13 bytes)
1730555796.379389 sending message 112 to peer 0x557f1283e7d0 (13 bytes)
1730555796.379513 sending message 112 to peer 0x557f1283e7d0 (13 bytes)
1730555796.379637 sending message 112 to peer 0x557f1283e7d0 (13 bytes)
1730555796.379761 sending message 112 to peer 0x557f1283e7d0 (13 bytes)
1730555796.379886 sending message 112 to peer 0x557f1283e7d0 (13 bytes)
1730555796.380002 sending message 112 to peer 0x557f1283e7d0 (13 bytes)
1730555796.380105 sending message 112 to peer 0x557f1283e7d0 (10 bytes)
1730555796.380186 sending message 112 to peer 0x557f1283e7d0 (13 bytes)
1730555796.380338 sending message 112 to peer 0x557f1283e7d0 (12 bytes)
1730555796.380469 sending message 112 to peer 0x557f1283e7d0 (12 bytes)
1730555796.380598 sending message 112 to peer 0x557f1283e7d0 (12 bytes)
1730555796.380722 sending message 112 to peer 0x557f1283e7d0 (10 bytes)
1730555796.380846 sending message 112 to peer 0x557f1283e7d0 (10 bytes)
1730555796.380958 sending message 112 to peer 0x557f1283e7d0 (10 bytes)
1730555796.381093 sending message 112 to peer 0x557f1283e7d0 (12 bytes)
1730555796.381220 sending message 112 to peer 0x557f1283e7d0 (13 bytes)
1730555796.381341 sending message 112 to peer 0x557f1283e7d0 (13 bytes)
1730555796.381500 sending message 112 to peer 0x557f1283e7d0 (13 bytes)
1730555796.381605 sending message 112 to peer 0x557f1283e7d0 (13 bytes)
1730555796.381723 sending message 112 to peer 0x557f1283e7d0 (13 bytes)
1730555796.381856 sending message 112 to peer 0x557f1283e7d0 (10 bytes)
1730555796.381979 sending message 112 to peer 0x557f1283e7d0 (11 bytes)
1730555796.382092 sending message 112 to peer 0x557f1283e7d0 (12 bytes)
1730555796.382236 sending message 112 to peer 0x557f1283e7d0 (12 bytes)
1730555796.382380 sending message 112 to peer 0x557f1283e7d0 (12 bytes)
1730555796.382496 sending message 112 to peer 0x557f1283e7d0 (12 bytes)
1730555796.382611 sending message 112 to peer 0x557f1283e7d0 (12 bytes)
1730555796.382713 sending message 112 to peer 0x557f1283e7d0 (11 bytes)
1730555796.382823 sending message 112 to peer 0x557f1283e7d0 (12 bytes)
1730555796.382973 sending message 112 to peer 0x557f1283e7d0 (12 bytes)
1730555796.383105 sending message 112 to peer 0x557f1283e7d0 (13 bytes)
1730555796.383236 sending message 112 to peer 0x557f1283e7d0 (13 bytes)
1730555796.383357 sending message 112 to peer 0x557f1283e7d0 (13 bytes)
1730555796.383481 sending message 112 to peer 0x557f1283e7d0 (13 bytes)
1730555796.383587 sending message 112 to peer 0x557f1283e7d0 (13 bytes)
1730555796.383722 sending message 112 to peer 0x557f1283e7d0 (10 bytes)
1730555796.383883 sending message 112 to peer 0x557f1283e7d0 (9 bytes)
1730555796.384014 sending message 112 to peer 0x557f1283e7d0 (12 bytes)
1730555796.384141 sending message 112 to peer 0x557f1283e7d0 (13 bytes)
1730555796.384247 sending message 112 to peer 0x557f1283e7d0 (13 bytes)
1730555796.384367 sending message 112 to peer 0x557f1283e7d0 (13 bytes)
1730555796.384492 sending message 112 to peer 0x557f1283e7d0 (13 bytes)
1730555796.384607 sending message 112 to peer 0x557f1283e7d0 (13 bytes)
1730555796.384707 sending message 112 to peer 0x557f1283e7d0 (9 bytes)
1730555796.384794 sending message 112 to peer 0x557f1283e7d0 (12 bytes)
1730555796.384920 sending message 112 to peer 0x557f1283e7d0 (13 bytes)
1730555796.385023 sending message 112 to peer 0x557f1283e7d0 (13 bytes)
1730555796.385127 sending message 112 to peer 0x557f1283e7d0 (13 bytes)
1730555796.385242 sending message 112 to peer 0x557f1283e7d0 (13 bytes)
1730555796.385356 sending message 112 to peer 0x557f1283e7d0 (13 bytes)
1730555796.385455 sending message 112 to peer 0x557f1283e7d0 (11 bytes)
1730555796.385537 sending message 112 to peer 0x557f1283e7d0 (12 bytes)
1730555796.385687 sending message 112 to peer 0x557f1283e7d0 (13 bytes)
1730555796.385804 sending message 112 to peer 0x557f1283e7d0 (13 bytes)
1730555796.385898 sending message 112 to peer 0x557f1283e7d0 (13 bytes)
1730555796.385999 sending message 112 to peer 0x557f1283e7d0 (13 bytes)
1730555796.386112 sending message 112 to peer 0x557f1283e7d0 (13 bytes)
1730555796.386222 sending message 112 to peer 0x557f1283e7d0 (11 bytes)
1730555796.386322 sending message 112 to peer 0x557f1283e7d0 (12 bytes)
1730555796.386418 sending message 112 to peer 0x557f1283e7d0 (12 bytes)
1730555796.386573 sending message 112 to peer 0x557f1283e7d0 (12 bytes)
1730555796.386694 sending message 112 to peer 0x557f1283e7d0 (12 bytes)
1730555796.386790 sending message 112 to peer 0x557f1283e7d0 (12 bytes)
1730555796.386934 sending message 112 to peer 0x557f1283e7d0 (21 bytes)
1730555796.387070 sending message 112 to peer 0x557f1283e7d0 (12 bytes)
1730555796.387174 sending message 112 to peer 0x557f1283e7d0 (9 bytes)
1730555796.387310 sending message 112 to peer 0x557f1283e7d0 (6 bytes)
1730555796.387427 sending message 112 to peer 0x557f1283e7d0 (13 bytes)
1730555796.387542 sending message 112 to peer 0x557f1283e7d0 (10 bytes)
1730555796.387651 sending message 112 to peer 0x557f1283e7d0 (24 bytes)
1730555796.387776 sending message 112 to peer 0x557f1283e7d0 (13 bytes)
1730555796.387904 sending message 112 to peer 0x557f1283e7d0 (9 bytes)
1730555796.388025 sending message 112 to peer 0x557f1283e7d0 (70 bytes)
1730555796.388133 sending message 112 to peer 0x557f1283e7d0 (69 bytes)
1730555796.388267 sending message 112 to peer 0x557f1283e7d0 (12 bytes)
1730555796.388386 sending message 112 to peer 0x557f1283e7d0 (10 bytes)
1730555796.388509 sending message 112 to peer 0x557f1283e7d0 (10 bytes)
1730555796.388631 sending message 112 to peer 0x557f1283e7d0 (24 bytes)
1730555796.388722 sending message 112 to peer 0x557f1283e7d0 (13 bytes)
1730555796.388868 sending message 112 to peer 0x557f1283e7d0 (10 bytes)
1730555796.388989 sending message 112 to peer 0x557f1283e7d0 (10 bytes)
1730555796.389089 sending message 112 to peer 0x557f1283e7d0 (10 bytes)
1730555796.389178 sending message 112 to peer 0x557f1283e7d0 (13 bytes)
1730555796.389318 sending message 112 to peer 0x557f1283e7d0 (15 bytes)
1730555796.389448 sending message 112 to peer 0x557f1283e7d0 (5 bytes)
1730555796.389577 sending message 104 to peer 0x557f1283e7d0 (0 bytes)
1730555796.389684 sending message 110 to peer 0x557f1283e7d0 (0 bytes)
1730555796.389807 sending message 107 to peer 0x557f1283e7d0 (4 bytes)
1730555796.389904 sending message 105 to peer 0x557f1283e7d0 (16 bytes)
1730555796.390030 sending message 105 to peer 0x557f1283e7d0 (24 bytes)
1730555796.390134 sending message 105 to peer 0x557f1283e7d0 (29 bytes)
1730555796.390231 sending message 105 to peer 0x557f1283e7d0 (21 bytes)
1730555796.390371 sending message 105 to peer 0x557f1283e7d0 (30 bytes)
1730555796.390501 sending message 105 to peer 0x557f1283e7d0 (14 bytes)
1730555796.390605 sending message 105 to peer 0x557f1283e7d0 (17 bytes)
1730555796.390721 sending message 105 to peer 0x557f1283e7d0 (13 bytes)
1730555796.390838 sending message 105 to peer 0x557f1283e7d0 (34 bytes)
1730555796.391000 sending message 105 to peer 0x557f1283e7d0 (1817 bytes)
1730555796.391114 sending message 105 to peer 0x557f1283e7d0 (26 bytes)
1730555796.391223 sending message 105 to peer 0x557f1283e7d0 (34 bytes)
1730555796.391340 sending message 105 to peer 0x557f1283e7d0 (20 bytes)
1730555796.391489 sending message 105 to peer 0x557f1283e7d0 (32 bytes)
1730555796.391617 sending message 105 to peer 0x557f1283e7d0 (11 bytes)
1730555796.391735 sending message 105 to peer 0x557f1283e7d0 (11 bytes)
1730555796.391857 sending message 105 to peer 0x557f1283e7d0 (8 bytes)
1730555796.391987 sending message 105 to peer 0x557f1283e7d0 (32 bytes)
1730555796.392108 sending message 105 to peer 0x557f1283e7d0 (8 bytes)
1730555796.392234 sending message 105 to peer 0x557f1283e7d0 (65 bytes)
1730555796.392329 sending message 105 to peer 0x557f1283e7d0 (801 bytes)
1730555796.392441 sending message 105 to peer 0x557f1283e7d0 (54 bytes)
1730555796.392569 sending message 105 to peer 0x557f1283e7d0 (16 bytes)
1730555796.392702 sending message 105 to peer 0x557f1283e7d0 (40 bytes)
1730555796.392797 sending message 105 to peer 0x557f1283e7d0 (22 bytes)
1730555796.392916 sending message 105 to peer 0x557f1283e7d0 (16 bytes)
1730555796.393019 sending message 106 to peer 0x557f1283e7d0 (0 bytes)
1730555796.393165 sending message 200 to peer 0x557f1283e7d0 (4 bytes)
1730555796.393265 client loop enter
1730555796.393399 client_signal: Child exited
1730555798.741247 peer 0x557f1283e7d0 message 207
1730555798.741440 sending message 208 to peer 0x557f1283e7d0 (0 bytes)
1730555818.715693 peer 0x557f1283e7d0 message 203
1730555818.715826 sending message 205 to peer 0x557f1283e7d0 (0 bytes)
1730555818.717010 peer 0x557f1283e7d0 message 204
1730555818.717168 client loop exit
